
INFO 2024-04-03 14:45:15,738 views 7484 9016 Просмотр страницы "Обо мне"".
INFO 2024-04-03 14:45:17,477 views 21812 18244 Просмотр главной страницы".
INFO 2024-04-03 14:54:40,366 autoreload 23388 17648 Watching for file changes with StatReloader
WARNING 2024-04-03 14:54:46,348 log 23388 4964 Not Found: /12
WARNING 2024-04-03 14:54:46,348 basehttp 23388 4964 "GET /12 HTTP/1.1" 404 2497
INFO 2024-04-03 14:55:34,587 autoreload 23388 17648 C:\Users\Andrey\PycharmProjects\project_Django_hw\prodject_seminar_hw\prodject_seminar_hw\settings.py changed, reloading.
INFO 2024-04-03 14:55:51,312 views 19284 17216 Просмотр главной страницы".
INFO 2024-04-03 14:55:55,077 views 19284 17216 Просмотр страницы "Обо мне"".
INFO 2024-04-03 15:07:48,965 views 14404 20772 Просмотр страницы "Обо мне"".
INFO 2024-04-03 15:09:03,539 views 14404 20772 Просмотр страницы "Обо мне"".
INFO 2024-04-03 15:09:05,529 views 14404 20772 Просмотр списка клиентов".
INFO 2024-04-03 15:09:07,715 views 14404 20772 Просмотр списка клиентов".
INFO 2024-04-03 15:09:10,957 views 14404 20772 Просмотр главной страницы".
INFO 2024-04-03 15:09:11,687 views 14404 20772 Просмотр страницы "Обо мне"".
INFO 2024-04-03 15:09:14,009 views 14404 20772 Просмотр списка клиентов".
INFO 2024-04-03 15:14:31,102 views 8080 5412 Просмотр списка клиентов".
INFO 2024-04-03 15:15:29,795 views 8080 5412 Просмотр списка клиентов".
INFO 2024-04-03 15:15:32,572 views 15696 12820 Просмотр списка клиентов".
INFO 2024-04-03 15:15:36,215 views 15696 12820 Просмотр страницы "Обо мне"".
INFO 2024-04-03 15:15:37,060 views 15696 12820 Просмотр списка клиентов".
INFO 2024-04-03 15:15:56,080 views 15696 12820 Просмотр главной страницы".
INFO 2024-04-03 15:16:17,205 views 15696 12820 Просмотр страницы "Обо мне"".
INFO 2024-04-03 15:16:19,708 views 15696 12820 Просмотр списка клиентов".
INFO 2024-04-03 15:17:28,599 views 15696 12820 Просмотр списка клиентов".
INFO 2024-04-03 15:17:30,725 views 15696 12820 Просмотр списка клиентов".
INFO 2024-04-03 15:19:18,725 views 15696 12820 Просмотр списка клиентов".
INFO 2024-04-03 15:20:29,807 views 15696 12820 Просмотр списка клиентов".
INFO 2024-04-03 15:22:09,194 views 2424 3780 Просмотр списка клиентов".
INFO 2024-04-03 15:24:49,420 views 2424 3780 Просмотр списка клиентов".
INFO 2024-04-03 15:24:51,060 views 2424 3780 Просмотр списка клиентов".
INFO 2024-04-03 15:25:21,513 views 2424 3780 Просмотр списка клиентов".
INFO 2024-04-03 15:25:23,941 views 2424 3780 Просмотр списка клиентов".
INFO 2024-04-03 15:25:52,159 views 2424 3780 Просмотр списка клиентов".
INFO 2024-04-03 15:25:53,920 views 2424 3780 Просмотр списка клиентов".
INFO 2024-04-03 15:32:02,957 views 20408 22900 Просмотр списка клиентов".
INFO 2024-04-03 15:32:19,521 views 20408 22900 Просмотр списка клиентов".
INFO 2024-04-03 15:32:28,701 views 22544 7188 Просмотр списка клиентов".
INFO 2024-04-03 15:33:48,545 views 22544 7188 Просмотр списка клиентов".
INFO 2024-04-03 15:34:52,867 views 22544 7188 Просмотр списка клиентов".
INFO 2024-04-03 15:34:54,740 views 22544 7188 Просмотр списка клиентов".
INFO 2024-04-03 15:34:57,079 views 22544 7188 Просмотр списка товаров".
INFO 2024-04-03 15:36:23,787 views 12644 12696 Просмотр списка товаров".
INFO 2024-04-03 15:36:27,436 views 12644 12696 Просмотр списка клиентов".
INFO 2024-04-03 15:36:28,334 views 12644 12696 Просмотр списка товаров".
INFO 2024-04-03 15:38:10,272 views 12644 12696 Просмотр списка товаров".
INFO 2024-04-03 15:38:12,972 views 14772 11748 Просмотр списка товаров".
INFO 2024-04-03 16:16:09,469 views 5948 3044 Просмотр списка товаров".
INFO 2024-04-03 16:16:51,301 views 5948 10756 Просмотр главной страницы".
INFO 2024-04-03 16:19:08,936 views 5948 1276 Просмотр главной страницы".
INFO 2024-04-03 16:20:46,193 views 5948 16844 Просмотр списка заказа клиента": {id}
INFO 2024-04-03 16:21:46,011 views 5948 7736 Просмотр списка заказа клиента": {id}
INFO 2024-04-03 16:23:41,456 views 5948 8360 Просмотр списка заказа клиента": {id}
INFO 2024-04-03 16:24:58,467 views 7284 18440 Просмотр списка заказа клиента": {id}
INFO 2024-04-03 16:24:59,940 views 7284 18440 Просмотр списка заказа клиента": {id}
INFO 2024-04-03 16:26:34,205 views 7284 22460 Просмотр списка заказа клиента": {id}
INFO 2024-04-03 16:26:37,255 views 21232 22800 Просмотр списка заказа клиента": {id}
INFO 2024-04-03 16:27:14,742 views 21232 10456 Просмотр списка заказа клиента": {id}
INFO 2024-04-03 16:28:21,103 views 4192 16896 Просмотр списка заказа клиента": {id}
INFO 2024-04-03 16:29:53,188 views 21876 16132 Просмотр списка заказа клиента": {id}
INFO 2024-04-03 16:39:48,009 views 9740 23212 Просмотр списка заказа клиента": {id}
INFO 2024-04-03 16:40:02,366 views 9740 18036 Просмотр списка заказа клиента": {id}
INFO 2024-04-03 16:41:10,700 views 5972 16392 Просмотр списка заказа клиента": {id}
INFO 2024-04-03 16:41:53,469 views 5972 15412 Просмотр списка заказа клиента": {id}
INFO 2024-04-03 16:44:47,822 views 5972 932 Просмотр списка заказа клиента": {id}
INFO 2024-04-03 16:44:49,199 views 5972 932 Просмотр списка заказа клиента": {id}
INFO 2024-04-03 16:44:53,114 views 5972 20440 Просмотр списка заказа клиента": {id}
INFO 2024-04-03 16:45:09,658 views 5972 8576 Просмотр списка заказа клиента": {id}
INFO 2024-04-03 16:45:38,561 views 5972 1600 Просмотр списка заказа клиента": {id}
INFO 2024-04-03 16:49:14,156 views 5972 16756 Просмотр списка заказа клиента": {id}
INFO 2024-04-03 16:49:21,159 views 5972 20448 Просмотр списка заказа клиента": {id}
INFO 2024-04-03 16:49:26,807 views 5972 18904 Просмотр списка заказа клиента": {id}
INFO 2024-04-03 16:53:04,891 views 19772 11216 Просмотр списка заказа клиента": {id}
INFO 2024-04-03 16:54:19,369 views 19772 22932 Просмотр списка заказа клиента": {id}
INFO 2024-04-03 16:55:46,286 views 19772 22932 Просмотр списка заказа клиента": {id}
INFO 2024-04-03 16:57:35,525 views 19772 22932 Просмотр списка заказа клиента": {id}
INFO 2024-04-03 16:57:38,857 views 19772 22932 Просмотр списка клиентов".
INFO 2024-04-03 16:57:48,939 views 19772 22932 Просмотр списка заказа клиента": {id}
INFO 2024-04-03 16:57:52,997 views 19772 22932 Просмотр списка заказа клиента": {id}
INFO 2024-04-03 17:02:50,806 views 19772 22932 Просмотр списка заказа клиента": {id}
INFO 2024-04-03 17:06:06,561 views 19772 21984 Просмотр списка заказа клиента": {id}
INFO 2024-04-03 17:09:11,378 views 19772 16456 Просмотр списка заказа клиента": {id}
INFO 2024-04-03 17:09:31,950 views 19772 16456 Просмотр списка заказа клиента": {id}
INFO 2024-04-03 17:10:07,882 views 19772 16456 Просмотр главной страницы".
INFO 2024-04-03 17:10:10,174 views 19772 16456 Просмотр страницы "Обо мне"".
INFO 2024-04-03 17:10:11,504 views 19772 16456 Просмотр списка клиентов".
INFO 2024-04-03 17:10:13,579 views 19772 16456 Просмотр списка товаров".
INFO 2024-04-03 17:10:15,739 views 19772 16456 Просмотр списка заказа клиента": {id}
INFO 2024-04-03 17:10:24,198 views 19772 16456 Просмотр списка клиентов".
INFO 2024-04-03 17:10:28,960 views 19772 16456 Просмотр списка заказа клиента": {id}
INFO 2024-04-03 17:11:24,222 views 19772 16456 Просмотр списка заказа клиента": {id}
INFO 2024-04-03 17:11:28,148 views 19772 16456 Просмотр списка заказа клиента": {id}
INFO 2024-04-03 17:12:34,225 views 19772 16456 Просмотр списка заказа клиента": {id}
INFO 2024-04-03 17:12:35,730 views 19772 16456 Просмотр списка заказа клиента": {id}
INFO 2024-04-03 17:12:52,035 views 19772 16456 Просмотр списка клиентов".
INFO 2024-04-03 17:12:59,759 views 19772 16456 Просмотр списка клиентов".
INFO 2024-04-03 17:13:04,671 views 19772 16456 Просмотр списка заказа клиента": {id}
INFO 2024-04-03 17:13:31,023 views 19772 16456 Просмотр списка заказа клиента": {id}
INFO 2024-04-03 17:14:06,170 views 19772 16456 Просмотр списка заказа клиента": {id}
INFO 2024-04-03 17:14:24,096 views 19772 16456 Просмотр списка заказа клиента": {id}
INFO 2024-04-03 17:14:28,730 views 19772 16456 Просмотр списка клиентов".
INFO 2024-04-03 17:14:35,956 views 19772 16456 Просмотр списка заказа клиента": {id}
INFO 2024-04-03 17:15:10,595 views 19772 16456 Просмотр списка заказа клиента": {id}
INFO 2024-04-03 17:15:11,585 views 19772 16456 Просмотр списка заказа клиента": {id}
INFO 2024-04-03 17:15:42,160 views 19772 16456 Просмотр списка заказа клиента": {id}
INFO 2024-04-03 17:15:43,067 views 19772 16456 Просмотр списка заказа клиента": {id}
INFO 2024-04-03 17:15:56,339 views 19772 16456 Просмотр списка заказа клиента": {id}
INFO 2024-04-03 17:15:59,019 views 19772 16456 Просмотр списка клиентов".
INFO 2024-04-03 17:16:00,697 views 19772 16456 Просмотр списка заказа клиента": {id}
INFO 2024-04-03 17:16:04,424 views 19772 16456 Просмотр списка заказа клиента": {id}
INFO 2024-04-03 17:16:09,449 views 19772 16456 Просмотр списка заказа клиента": {id}
INFO 2024-04-03 17:20:52,371 views 18880 2568 Просмотр списка заказа клиента": {id}
INFO 2024-04-03 17:22:48,083 views 18880 2568 Просмотр списка заказа клиента": {id}
INFO 2024-04-03 17:22:48,832 views 18880 2568 Просмотр списка заказа клиента": {id}
INFO 2024-04-03 17:23:01,150 views 18880 2568 Просмотр списка заказа клиента": {id}
INFO 2024-04-03 17:23:24,827 views 18880 2568 Просмотр списка заказа клиента": {id}
INFO 2024-04-03 17:23:25,445 views 18880 2568 Просмотр списка заказа клиента": {id}
INFO 2024-04-03 17:24:12,546 views 18880 2568 Просмотр списка заказа клиента": {id}
INFO 2024-04-03 17:24:13,469 views 18880 2568 Просмотр списка заказа клиента": {id}
INFO 2024-04-03 17:24:26,478 views 18880 2568 Просмотр списка заказа клиента": {id}
INFO 2024-04-03 17:27:26,636 views 18880 2568 Просмотр списка заказа клиента": {id}
INFO 2024-04-03 17:29:57,527 views 18880 2568 Просмотр списка заказа клиента": {id}
INFO 2024-04-03 17:30:45,798 views 21456 20032 Просмотр списка заказа клиента": {id}
INFO 2024-04-03 17:33:19,203 views 15268 1756 Просмотр списка заказа клиента": {id}
INFO 2024-04-03 17:33:49,580 views 19600 14544 Просмотр списка заказа клиента": {id}
INFO 2024-04-03 17:34:36,464 views 19600 14544 Просмотр списка заказа клиента": {id}
INFO 2024-04-03 17:34:38,619 views 19600 14544 Просмотр списка заказа клиента": {id}
INFO 2024-04-03 17:35:10,203 views 19600 14544 Просмотр списка заказа клиента": {id}
INFO 2024-04-03 17:35:11,476 views 19600 14544 Просмотр списка заказа клиента": {id}
INFO 2024-04-03 17:35:12,739 views 19600 14544 Просмотр списка заказа клиента": {id}
INFO 2024-04-03 17:35:19,101 views 19600 14544 Просмотр списка заказа клиента": {id}
INFO 2024-04-03 18:15:59,067 views 1448 14996 Просмотр списка заказа клиента": {id}
INFO 2024-04-03 18:21:21,694 views 1448 19336 Просмотр списка заказа клиента": {id}
INFO 2024-04-03 18:21:23,298 views 1448 19336 Просмотр списка заказа клиента": {id}
INFO 2024-04-03 18:35:09,372 views 1448 18080 Просмотр списка заказа клиента": {id}
INFO 2024-04-03 18:35:41,478 views 1448 18080 Просмотр списка заказа клиента": {id}
INFO 2024-04-03 18:36:19,557 views 1448 18080 Просмотр списка заказа клиента": {id}
INFO 2024-04-03 18:45:15,738 views 9128 21000 Просмотр списка заказа клиента": {id}
INFO 2024-04-03 18:45:37,852 views 9128 21000 Просмотр списка заказа клиента": {id}
INFO 2024-04-03 18:45:57,640 views 9128 21000 Просмотр списка заказа клиента": {id}
INFO 2024-04-03 18:46:22,816 views 9128 21000 Просмотр списка заказа клиента": {id}
INFO 2024-04-03 18:48:01,158 views 8932 10536 Просмотр списка заказа клиента": {id}
INFO 2024-04-03 18:48:09,923 views 8932 10536 Просмотр списка заказа клиента": {id}
INFO 2024-04-03 19:06:53,906 views 4148 1520 Просмотр списка заказа клиента
INFO 2024-04-03 19:07:04,809 views 4148 1520 Просмотр списка заказанных клиентом товаров
INFO 2024-04-03 19:10:33,613 views 21132 15744 Просмотр списка заказанных клиентом товаров
INFO 2024-04-03 19:11:58,166 views 20340 16452 Просмотр списка заказанных клиентом товаров
INFO 2024-04-03 19:13:51,631 views 19152 20964 Просмотр списка заказанных клиентом товаров
INFO 2024-04-03 19:15:04,046 views 9976 7260 Просмотр списка заказанных клиентом товаров
INFO 2024-04-03 19:17:02,871 views 9976 7260 Просмотр списка заказанных клиентом товаров
INFO 2024-04-03 19:18:49,619 views 16316 8340 Просмотр списка заказанных клиентом товаров
INFO 2024-04-03 19:19:20,157 views 16316 8340 Просмотр списка заказанных клиентом товаров
INFO 2024-04-03 19:19:47,716 views 16316 8340 Просмотр списка заказанных клиентом товаров
INFO 2024-04-03 19:20:40,599 views 16316 8340 Просмотр списка заказа клиента
INFO 2024-04-03 19:20:47,506 views 16316 8340 Просмотр списка заказа клиента
INFO 2024-04-03 19:22:29,353 views 16316 8340 Просмотр списка заказа клиента
INFO 2024-04-03 19:22:55,371 views 16316 8340 Просмотр списка заказа клиента
INFO 2024-04-03 19:24:45,035 views 19400 8424 Просмотр списка заказа клиента
INFO 2024-04-03 19:24:49,557 views 19400 8424 Просмотр списка заказанных клиентом товаров
INFO 2024-04-03 19:24:58,817 views 19400 8424 Просмотр списка заказанных клиентом товаров
INFO 2024-04-03 19:25:54,399 views 19400 8424 Просмотр списка заказанных клиентом товаров
INFO 2024-04-03 19:30:27,155 views 14756 14100 Просмотр списка заказанных клиентом товаров
INFO 2024-04-03 19:33:37,715 views 3316 17112 Просмотр списка заказанных клиентом товаров
INFO 2024-04-03 19:34:27,299 views 3316 15492 Просмотр списка заказанных клиентом товаров
INFO 2024-04-03 19:34:44,297 views 3316 15492 Просмотр списка заказанных клиентом товаров
INFO 2024-04-03 19:34:55,151 views 3316 15492 Просмотр списка заказанных клиентом товаров
INFO 2024-04-03 19:35:08,446 views 3316 15492 Просмотр списка заказанных клиентом товаров
INFO 2024-04-03 19:36:33,877 views 3316 15492 Просмотр списка заказанных клиентом товаров
INFO 2024-04-03 19:37:32,770 views 9040 20596 Просмотр списка заказанных клиентом товаров
INFO 2024-04-03 19:39:02,268 views 9040 20596 Просмотр списка заказанных клиентом товаров
INFO 2024-04-03 19:39:03,263 views 9040 20596 Просмотр списка заказанных клиентом товаров
INFO 2024-04-03 19:39:24,589 views 9040 20596 Просмотр списка заказанных клиентом товаров
INFO 2024-04-03 19:39:32,830 views 9040 20596 Просмотр списка заказа клиента
INFO 2024-04-03 19:39:38,039 views 9040 20596 Просмотр списка заказа клиента
INFO 2024-04-03 19:40:09,381 views 9040 20596 Просмотр списка заказанных клиентом товаров
INFO 2024-04-03 19:40:16,025 views 9040 20596 Просмотр списка заказанных клиентом товаров
INFO 2024-04-03 19:40:44,046 views 9040 20596 Просмотр списка заказа клиента
INFO 2024-04-03 19:40:47,911 views 9040 20596 Просмотр списка заказа клиента
INFO 2024-04-03 19:44:51,100 views 9040 20596 Просмотр списка заказа клиента
INFO 2024-04-03 19:44:57,193 views 9040 20596 Просмотр списка заказанных клиентом товаров
INFO 2024-04-03 19:45:04,756 views 9040 20596 Просмотр списка заказанных клиентом товаров
INFO 2024-04-03 19:45:10,259 views 9040 20596 Просмотр списка заказанных клиентом товаров
INFO 2024-04-03 19:45:15,278 views 9040 20596 Просмотр списка заказанных клиентом товаров
INFO 2024-04-03 19:45:23,618 views 9040 20596 Просмотр списка заказа клиента
INFO 2024-04-03 19:45:27,138 views 9040 20596 Просмотр списка заказа клиента
INFO 2024-04-03 19:46:38,451 views 9040 20596 Просмотр списка заказа клиента
INFO 2024-04-03 19:46:54,118 views 9040 20596 Просмотр списка заказанных клиентом товаров
INFO 2024-04-03 19:46:59,609 views 9040 20596 Просмотр списка заказанных клиентом товаров
INFO 2024-04-03 19:47:04,212 views 9040 20596 Просмотр списка заказанных клиентом товаров
INFO 2024-04-03 19:47:07,661 views 9040 20596 Просмотр списка заказанных клиентом товаров
INFO 2024-04-03 19:47:35,703 views 9040 20596 Просмотр списка заказанных клиентом товаров
INFO 2024-04-03 19:47:39,947 views 9040 20596 Просмотр списка заказанных клиентом товаров
INFO 2024-04-03 19:47:43,502 views 9040 20596 Просмотр списка заказанных клиентом товаров
INFO 2024-04-03 19:47:51,086 views 9040 20596 Просмотр списка заказанных клиентом товаров
INFO 2024-04-03 19:47:56,571 views 9040 20596 Просмотр списка заказанных клиентом товаров
INFO 2024-04-03 19:47:59,672 views 9040 20596 Просмотр списка заказа клиента
INFO 2024-04-03 19:48:02,833 views 9040 20596 Просмотр списка заказа клиента
INFO 2024-04-03 19:57:06,147 views 9040 12932 Просмотр списка заказа клиента
INFO 2024-04-03 19:57:55,106 views 9040 12932 Просмотр списка заказа клиента
INFO 2024-04-03 20:00:35,231 views 9040 12932 Просмотр списка заказа клиента
INFO 2024-04-03 20:00:55,809 views 9040 12932 Просмотр списка заказа клиента
INFO 2024-04-03 20:01:03,687 views 9040 12932 Просмотр списка заказа клиента
INFO 2024-04-03 20:01:38,401 views 9040 12932 Просмотр списка заказанных клиентом товаров
INFO 2024-04-03 20:01:43,915 views 9040 12932 Просмотр списка заказанных клиентом товаров
INFO 2024-04-03 20:01:50,634 views 9040 12932 Просмотр списка заказанных клиентом товаров
INFO 2024-04-03 20:01:55,391 views 9040 12932 Просмотр списка заказанных клиентом товаров
INFO 2024-04-03 20:06:24,379 views 9040 12932 Просмотр списка заказанных клиентом товаров
INFO 2024-04-03 20:06:45,460 views 9040 12932 Просмотр списка заказанных клиентом товаров
INFO 2024-04-03 20:07:16,824 views 9040 12932 Просмотр списка заказанных клиентом товаров
INFO 2024-04-03 20:07:17,465 views 9040 12932 Просмотр списка заказанных клиентом товаров
INFO 2024-04-03 20:07:17,625 views 9040 12932 Просмотр списка заказанных клиентом товаров
INFO 2024-04-03 20:07:18,429 views 9040 12932 Просмотр списка заказанных клиентом товаров
INFO 2024-04-03 20:07:19,043 views 9040 12932 Просмотр списка заказанных клиентом товаров
INFO 2024-04-03 20:07:19,307 views 9040 12932 Просмотр списка заказанных клиентом товаров
INFO 2024-04-03 20:10:14,304 views 9040 12932 Просмотр списка заказанных клиентом товаров
INFO 2024-04-03 20:10:23,624 views 9040 12932 Просмотр списка заказанных клиентом товаров
INFO 2024-04-03 20:10:24,552 views 9040 12932 Просмотр списка заказанных клиентом товаров
INFO 2024-04-03 20:10:25,199 views 9040 12932 Просмотр списка заказанных клиентом товаров
INFO 2024-04-03 20:12:46,010 views 9040 12932 Просмотр списка заказанных клиентом товаров
INFO 2024-04-03 21:49:35,712 views 13184 21788 Просмотр списка заказанных клиентом товаров
INFO 2024-04-03 21:58:53,721 views 9944 1496 Просмотр списка заказанных клиентом товаров
INFO 2024-04-03 21:59:41,832 views 7588 15416 Просмотр списка заказанных клиентом товаров
INFO 2024-04-03 22:10:53,829 views 1824 14952 Просмотр списка заказанных клиентом товаров
INFO 2024-04-03 22:10:57,697 views 1824 14952 Просмотр списка заказанных клиентом товаров
INFO 2024-04-03 22:11:46,777 views 1824 14952 Просмотр списка заказанных клиентом товаров
INFO 2024-04-03 22:12:07,453 views 1824 14952 Просмотр главной страницы".
INFO 2024-04-03 22:12:09,739 views 1824 14952 Просмотр страницы "Обо мне"".
INFO 2024-04-03 22:12:11,390 views 1824 14952 Просмотр списка клиентов".
INFO 2024-04-03 22:12:21,721 views 1824 14952 Просмотр списка товаров".
INFO 2024-04-03 22:12:29,255 views 1824 14952 Просмотр списка заказа клиента
INFO 2024-04-03 22:12:37,230 views 1824 14952 Просмотр списка клиентов".
INFO 2024-04-03 22:12:44,274 views 1824 14952 Просмотр списка заказа клиента
INFO 2024-04-03 22:12:49,273 views 1824 14952 Просмотр списка заказа клиента
INFO 2024-04-03 22:13:10,602 views 1824 14952 Просмотр списка заказанных клиентом товаров
INFO 2024-04-03 22:13:30,697 views 1824 14952 Просмотр списка заказанных клиентом товаров
INFO 2024-04-03 22:13:42,077 views 1824 14952 Просмотр списка заказа клиента
INFO 2024-04-03 22:13:45,257 views 1824 14952 Просмотр списка заказа клиента
INFO 2024-04-03 22:13:59,301 views 1824 14952 Просмотр списка заказанных клиентом товаров
INFO 2024-04-03 22:14:03,960 views 1824 14952 Просмотр списка заказанных клиентом товаров
INFO 2024-04-03 22:14:11,416 views 1824 14952 Просмотр списка заказанных клиентом товаров
INFO 2024-04-03 22:14:19,116 views 1824 14952 Просмотр списка заказанных клиентом товаров
INFO 2024-04-03 22:18:25,518 views 11344 22092 Просмотр списка заказанных клиентом товаров
INFO 2024-04-03 22:18:42,520 views 16140 5296 Просмотр списка заказанных клиентом товаров
INFO 2024-04-03 22:24:09,041 views 22488 19484 Просмотр списка заказа клиента
INFO 2024-04-03 22:24:12,949 views 22488 19484 Просмотр списка заказа клиента
INFO 2024-04-03 22:26:09,149 views 19448 23200 Просмотр списка заказа клиента
INFO 2024-04-03 22:26:12,531 views 19448 23200 Просмотр списка заказа клиента
INFO 2024-04-03 22:26:58,828 views 20788 5964 Просмотр списка заказа клиента
INFO 2024-04-03 22:27:22,266 views 10248 10808 Просмотр списка заказа клиента
INFO 2024-04-03 22:29:23,146 views 3928 15576 Просмотр списка заказа клиента
INFO 2024-04-03 22:29:40,957 views 3928 15576 Просмотр списка заказа клиента
INFO 2024-04-03 22:29:47,071 views 3928 15576 Просмотр списка заказа клиента
INFO 2024-04-03 22:33:52,237 views 16352 12712 Просмотр списка заказа клиента
INFO 2024-04-03 22:33:57,867 views 16352 12712 Просмотр списка заказа клиента
INFO 2024-04-03 22:34:01,366 views 16352 12712 Просмотр списка заказа клиента
INFO 2024-04-03 22:34:02,426 views 16352 12712 Просмотр списка заказа клиента
INFO 2024-04-03 22:34:02,934 views 16352 12712 Просмотр списка заказа клиента
INFO 2024-04-03 22:34:08,758 views 16352 12712 Просмотр списка заказа клиента
INFO 2024-04-03 22:34:48,120 views 16352 12712 Просмотр списка заказа клиента
INFO 2024-04-03 22:35:26,459 views 16352 12712 Просмотр списка заказа клиента
INFO 2024-04-03 22:36:08,228 views 16352 12712 Просмотр списка заказанных клиентом товаров
INFO 2024-04-03 22:36:14,513 views 16352 21456 Просмотр списка заказанных клиентом товаров
INFO 2024-04-03 22:36:30,109 views 16352 20092 Просмотр списка заказанных клиентом товаров
INFO 2024-04-03 22:36:40,002 views 16352 20092 Просмотр списка заказанных клиентом товаров
INFO 2024-04-03 22:37:16,265 views 16352 20092 Просмотр списка заказанных клиентом товаров
INFO 2024-04-03 22:37:25,881 views 16352 20092 Просмотр списка заказанных клиентом товаров
INFO 2024-04-03 22:37:31,437 views 16352 20092 Просмотр списка заказанных клиентом товаров
INFO 2024-04-03 22:41:05,664 views 16352 20092 Просмотр списка заказанных клиентом товаров
INFO 2024-04-03 22:41:14,204 views 16352 20092 Просмотр списка заказанных клиентом товаров
INFO 2024-04-03 22:41:36,814 views 16352 20092 Просмотр списка заказанных клиентом товаров
INFO 2024-04-03 22:42:02,556 views 16352 20092 Просмотр списка заказанных клиентом товаров
INFO 2024-04-03 22:42:04,093 views 16352 20092 Просмотр списка заказанных клиентом товаров
INFO 2024-04-03 22:42:12,335 views 16352 20092 Просмотр списка заказанных клиентом товаров
INFO 2024-04-03 22:43:04,786 views 16352 20092 Просмотр списка заказанных клиентом товаров
INFO 2024-04-03 22:43:06,561 views 16352 20092 Просмотр списка заказанных клиентом товаров
INFO 2024-04-03 22:43:28,270 views 16352 20092 Просмотр списка заказанных клиентом товаров
INFO 2024-04-03 22:43:39,390 views 16352 20092 Просмотр списка заказанных клиентом товаров
INFO 2024-04-03 22:43:51,570 views 16352 20092 Просмотр списка заказанных клиентом товаров
INFO 2024-04-03 22:43:55,349 views 16352 20092 Просмотр списка заказанных клиентом товаров
INFO 2024-04-03 22:44:23,062 views 16352 10220 Просмотр списка заказанных клиентом товаров
INFO 2024-04-03 22:44:26,042 views 16352 10220 Просмотр списка заказа клиента
INFO 2024-04-03 22:44:33,180 views 16352 10220 Просмотр списка заказа клиента
INFO 2024-04-03 22:44:38,539 views 16352 10220 Просмотр списка заказа клиента
INFO 2024-04-03 22:46:48,417 views 16160 12884 Просмотр списка заказа клиента
INFO 2024-04-03 22:47:37,816 views 16160 16884 Просмотр списка заказа клиента
INFO 2024-04-03 22:49:09,198 views 16160 10020 Просмотр списка клиентов".
INFO 2024-04-03 22:50:42,698 views 16160 1912 Просмотр списка клиентов".
INFO 2024-04-03 22:51:01,641 views 16160 2812 Просмотр списка товаров".
INFO 2024-04-03 22:51:22,944 views 16160 18216 Просмотр списка заказа клиента
INFO 2024-04-03 22:51:27,552 views 16160 23196 Просмотр списка заказа клиента
INFO 2024-04-03 22:56:29,005 views 9816 2072 Просмотр списка заказа клиента
INFO 2024-04-03 23:02:37,168 views 13812 19044 Просмотр списка заказов клиента
INFO 2024-04-03 23:02:42,421 views 13812 19044 Просмотр списка заказов клиента
INFO 2024-04-03 23:02:48,316 views 13812 19044 Просмотр списка заказов клиента
INFO 2024-04-03 23:04:09,932 views 19240 15824 Просмотр списка заказов клиента
INFO 2024-04-03 23:04:27,018 views 19240 15824 Просмотр списка заказов клиента
INFO 2024-04-03 23:04:30,916 views 19240 15824 Просмотр списка заказов клиента
INFO 2024-04-03 23:04:34,843 views 19240 15824 Просмотр списка заказов клиента
INFO 2024-04-03 23:05:49,973 views 19240 16448 Просмотр списка клиентов".
INFO 2024-04-03 23:05:55,452 views 19240 4756 Просмотр списка заказов клиента
INFO 2024-04-03 23:05:58,807 views 19240 4756 Просмотр списка заказов клиента
INFO 2024-04-03 23:06:20,268 views 19240 9136 Просмотр списка заказанных клиентом товаров
INFO 2024-04-03 23:06:24,262 views 19240 23268 Просмотр списка заказанных клиентом товаров
INFO 2024-04-03 23:12:52,015 views 2868 19672 Просмотр списка заказанных клиентом товаров
INFO 2024-04-03 23:12:57,473 views 2868 19672 Просмотр списка заказанных клиентом товаров
INFO 2024-04-03 23:13:01,059 views 2868 19672 Просмотр списка заказов клиента
INFO 2024-04-03 23:13:04,780 views 2868 22936 Просмотр списка заказов клиента
INFO 2024-04-03 23:14:10,886 views 18880 10228 Просмотр списка заказов клиента
INFO 2024-04-03 23:14:57,679 views 18880 20788 Просмотр списка заказов клиента
INFO 2024-04-03 23:15:00,700 views 18568 4744 Просмотр списка заказов клиента
INFO 2024-04-03 23:15:11,181 views 18568 17908 Просмотр списка заказов клиента
INFO 2024-04-03 23:15:30,710 views 18568 8956 Просмотр списка заказов клиента
INFO 2024-04-03 23:15:34,630 views 18568 22364 Просмотр списка заказов клиента
INFO 2024-04-03 23:15:38,168 views 18568 22364 Просмотр списка заказов клиента
INFO 2024-04-03 23:15:41,759 views 18568 22364 Просмотр списка заказов клиента
INFO 2024-04-03 23:15:44,880 views 18568 11168 Просмотр списка заказов клиента
INFO 2024-04-03 23:16:01,108 views 18568 5604 Просмотр списка клиентов".
INFO 2024-04-03 23:16:38,837 views 18568 22952 Просмотр списка заказов клиента
INFO 2024-04-03 23:16:45,127 views 18568 12584 Просмотр списка заказов клиента
INFO 2024-04-03 23:17:33,267 views 18568 6020 Просмотр списка заказов клиента
INFO 2024-04-03 23:17:39,511 views 18568 6020 Просмотр списка заказов клиента
INFO 2024-04-03 23:18:16,116 views 18568 11000 Просмотр списка заказов клиента
INFO 2024-04-03 23:18:17,158 views 21112 18376 Просмотр списка заказов клиента
INFO 2024-04-03 23:18:19,648 views 21112 21068 Просмотр списка заказов клиента
INFO 2024-04-03 23:18:24,025 views 21112 21068 Просмотр списка заказов клиента
INFO 2024-04-03 23:18:36,090 views 21112 19264 Просмотр списка заказов клиента
INFO 2024-04-03 23:18:43,349 views 21112 10776 Просмотр списка заказов клиента
INFO 2024-04-03 23:18:48,918 views 21112 2420 Просмотр списка клиентов".
INFO 2024-04-03 23:18:54,795 views 21112 2420 Просмотр списка заказов клиента
INFO 2024-04-03 23:18:58,942 views 21112 22108 Просмотр списка заказов клиента
INFO 2024-04-03 23:19:25,788 views 21112 19896 Просмотр списка заказов клиента
INFO 2024-04-03 23:20:27,857 views 21112 10448 Просмотр списка заказов клиента
INFO 2024-04-03 23:21:30,046 views 21112 18772 Просмотр списка заказов клиента
INFO 2024-04-03 23:22:08,259 views 21112 18772 Просмотр списка заказов клиента
INFO 2024-04-03 23:23:12,435 views 21112 18772 Просмотр списка заказов клиента
INFO 2024-04-03 23:23:13,676 views 19244 11064 Просмотр списка заказов клиента
INFO 2024-04-03 23:24:48,982 views 19244 11064 Просмотр списка заказов клиента
INFO 2024-04-03 23:24:52,737 views 11732 19736 Просмотр списка заказанных клиентом товаров
INFO 2024-04-03 23:24:59,144 views 11732 19736 Просмотр списка заказанных клиентом товаров
INFO 2024-04-03 23:25:07,657 views 11732 18464 Просмотр списка заказанных клиентом товаров
INFO 2024-04-03 23:25:13,703 views 11732 18464 Просмотр списка заказанных клиентом товаров
INFO 2024-04-03 23:25:22,031 views 11732 18464 Просмотр списка заказанных клиентом товаров
INFO 2024-04-03 23:25:28,549 views 11732 18464 Просмотр списка заказанных клиентом товаров
INFO 2024-04-03 23:25:40,434 views 11732 18464 Просмотр списка заказанных клиентом товаров
INFO 2024-04-03 23:25:50,167 views 11732 18464 Просмотр списка заказанных клиентом товаров
